2026-07-10T17:13:18.1893667Z Current runner version: '2.335.1'
2026-07-10T17:13:18.1918867Z ##[group]Runner Image Provisioner
2026-07-10T17:13:18.1920007Z Hosted Compute Agent
2026-07-10T17:13:18.1920629Z Version: 20260624.560
2026-07-10T17:13:18.1921334Z Commit: 925d229a51159bc391ae97e54a2dd1fe20af789d
2026-07-10T17:13:18.1922062Z Build Date: 2026-06-24T18:26:47Z
2026-07-10T17:13:18.1922777Z Worker ID: {3c78c4a8-bef4-4e0b-ad8e-ffd42e14f55d}
2026-07-10T17:13:18.1923551Z Azure Region: westus
2026-07-10T17:13:18.1924119Z ##[endgroup]
2026-07-10T17:13:18.1925669Z ##[group]Operating System
2026-07-10T17:13:18.1926337Z Ubuntu
2026-07-10T17:13:18.1926893Z 24.04.4
2026-07-10T17:13:18.1927454Z LTS
2026-07-10T17:13:18.1927963Z ##[endgroup]
2026-07-10T17:13:18.1928488Z ##[group]Runner Image
2026-07-10T17:13:18.1929184Z Image: ubuntu-24.04
2026-07-10T17:13:18.1929951Z Version: 20260705.232.1
2026-07-10T17:13:18.1931292Z Included Software: https://github.com/actions/runner-images/blob/ubuntu24/20260705.232/images/ubuntu/Ubuntu2404-Readme.md
2026-07-10T17:13:18.1932905Z Image Release: https://github.com/actions/runner-images/releases/tag/ubuntu24%2F20260705.232
2026-07-10T17:13:18.1933938Z ##[endgroup]
2026-07-10T17:13:18.1935153Z ##[group]GITHUB_TOKEN Permissions
2026-07-10T17:13:18.1937129Z Contents: read
2026-07-10T17:13:18.1937735Z Metadata: read
2026-07-10T17:13:18.1938737Z Packages: read
2026-07-10T17:13:18.1939375Z ##[endgroup]
2026-07-10T17:13:18.1941746Z Secret source: Actions
2026-07-10T17:13:18.1942642Z Prepare workflow directory
2026-07-10T17:13:18.2441313Z Prepare all required actions
2026-07-10T17:13:18.2484241Z Getting action download info
2026-07-10T17:13:18.6106443Z Download action repository 'actions/checkout@v4' (SHA:34e114876b0b11c390a56381ad16ebd13914f8d5)
2026-07-10T17:13:18.8055735Z Complete job name: 🧠 Orchestrator Brain
2026-07-10T17:13:18.8664662Z ##[group]Checking docker version
2026-07-10T17:13:18.8678093Z ##[command]/usr/bin/docker version --format '{{.Server.APIVersion}}'
2026-07-10T17:13:18.9734395Z '1.48'
2026-07-10T17:13:18.9752695Z Docker daemon API version: '1.48'
2026-07-10T17:13:18.9753579Z ##[command]/usr/bin/docker version --format '{{.Client.APIVersion}}'
2026-07-10T17:13:18.9936189Z '1.48'
2026-07-10T17:13:18.9951153Z Docker client API version: '1.48'
2026-07-10T17:13:18.9957707Z ##[endgroup]
2026-07-10T17:13:18.9961513Z ##[group]Clean up resources from previous jobs
2026-07-10T17:13:18.9967469Z ##[command]/usr/bin/docker ps --all --quiet --no-trunc --filter "label=979569"
2026-07-10T17:13:19.0120507Z ##[command]/usr/bin/docker network prune --force --filter "label=979569"
2026-07-10T17:13:19.0274792Z ##[endgroup]
2026-07-10T17:13:19.0275389Z ##[group]Create local container network
2026-07-10T17:13:19.0285632Z ##[command]/usr/bin/docker network create --label 979569 github_network_6bc97999ecc74cc5b19a7016f67d25a5
2026-07-10T17:13:19.0820640Z 66c200115396920a2045c9dd48d1137417cc0772f43e13ef6018369eac8f40d9
2026-07-10T17:13:19.0838730Z ##[endgroup]
2026-07-10T17:13:19.0863827Z ##[group]Starting job container
2026-07-10T17:13:19.0887627Z ##[command]/usr/bin/docker pull fedora:latest
2026-07-10T17:13:20.0122553Z latest: Pulling from library/fedora
2026-07-10T17:13:20.3503155Z 4dd84e24b4eb: Pulling fs layer
2026-07-10T17:13:20.7966159Z 4dd84e24b4eb: Download complete
2026-07-10T17:13:23.0384525Z 4dd84e24b4eb: Pull complete
2026-07-10T17:13:23.0444521Z Digest: sha256:6c75d5bf57cb0fa5aa4b92c6a83c86c791644496d9ac230de7711f5b8ec3b898
2026-07-10T17:13:23.0462354Z Status: Downloaded newer image for fedora:latest
2026-07-10T17:13:23.0469878Z docker.io/library/fedora:latest
2026-07-10T17:13:23.0551404Z ##[command]/usr/bin/docker create --name b1d4b1c33f4a4dbbb9bf1c14d9ae3b46_fedoralatest_2c5f7b --label 979569 --workdir /__w/ermete-forge/ermete-forge --network github_network_6bc97999ecc74cc5b19a7016f67d25a5  -e "HOME=/github/home" -e GITHUB_ACTIONS=true -e CI=true -v "/var/run/docker.sock":"/var/run/docker.sock" -v "/home/runner/work":"/__w" -v "/home/runner/actions-runner/cached/2.335.1/externals":"/__e":ro -v "/home/runner/work/_temp":"/__w/_temp" -v "/home/runner/work/_actions":"/__w/_actions" -v "/opt/hostedtoolcache":"/__t" -v "/home/runner/work/_temp/_github_home":"/github/home" -v "/home/runner/work/_temp/_github_workflow":"/github/workflow" --entrypoint "tail" fedora:latest "-f" "/dev/null"
2026-07-10T17:13:24.3345160Z 8a0e5daba3ed6ef96384e2a1a89cffc5591939e85a8c17c41cb32914cbdd50f6
2026-07-10T17:13:24.3366319Z ##[command]/usr/bin/docker start 8a0e5daba3ed6ef96384e2a1a89cffc5591939e85a8c17c41cb32914cbdd50f6
2026-07-10T17:13:24.5386746Z 8a0e5daba3ed6ef96384e2a1a89cffc5591939e85a8c17c41cb32914cbdd50f6
2026-07-10T17:13:24.5408267Z ##[command]/usr/bin/docker ps --all --filter id=8a0e5daba3ed6ef96384e2a1a89cffc5591939e85a8c17c41cb32914cbdd50f6 --filter status=running --no-trunc --format "{{.ID}} {{.Status}}"
2026-07-10T17:13:24.5534235Z 8a0e5daba3ed6ef96384e2a1a89cffc5591939e85a8c17c41cb32914cbdd50f6 Up Less than a second
2026-07-10T17:13:24.5554040Z ##[command]/usr/bin/docker inspect --format "{{range .Config.Env}}{{println .}}{{end}}" 8a0e5daba3ed6ef96384e2a1a89cffc5591939e85a8c17c41cb32914cbdd50f6
2026-07-10T17:13:24.5684535Z HOME=/github/home
2026-07-10T17:13:24.5685055Z GITHUB_ACTIONS=true
2026-07-10T17:13:24.5685377Z CI=true
2026-07-10T17:13:24.5685800Z PATH=/usr/local/sbin:/usr/local/bin:/usr/sbin:/usr/bin:/sbin:/bin
2026-07-10T17:13:24.5686306Z DISTTAG=f44container
2026-07-10T17:13:24.5686616Z FGC=f44
2026-07-10T17:13:24.5686886Z FBR=f44
2026-07-10T17:13:24.5707651Z ##[endgroup]
2026-07-10T17:13:24.5717508Z ##[group]Waiting for all services to be ready
2026-07-10T17:13:24.5719288Z ##[endgroup]
2026-07-10T17:13:24.6035238Z Node 20 is being deprecated. This workflow is running with Node 24 by default. If you need to temporarily use Node 20, you can set the ACTIONS_ALLOW_USE_UNSECURE_NODE_VERSION=true environment variable. For more information see: https://github.blog/changelog/2025-09-19-deprecation-of-node-20-on-github-actions-runners/
2026-07-10T17:13:24.6043198Z ##[group]Run actions/checkout@v4
2026-07-10T17:13:24.6043715Z with:
2026-07-10T17:13:24.6044015Z   repository: patapem/ermete-forge
2026-07-10T17:13:24.6046448Z   token: ***
2026-07-10T17:13:24.6046722Z   ssh-strict: true
2026-07-10T17:13:24.6046983Z   ssh-user: git
2026-07-10T17:13:24.6047236Z   persist-credentials: true
2026-07-10T17:13:24.6047512Z   clean: true
2026-07-10T17:13:24.6047770Z   sparse-checkout-cone-mode: true
2026-07-10T17:13:24.6048061Z   fetch-depth: 1
2026-07-10T17:13:24.6048298Z   fetch-tags: false
2026-07-10T17:13:24.6048545Z   show-progress: true
2026-07-10T17:13:24.6048794Z   lfs: false
2026-07-10T17:13:24.6049048Z   submodules: false
2026-07-10T17:13:24.6049299Z   set-safe-directory: true
2026-07-10T17:13:24.6049997Z env:
2026-07-10T17:13:24.6050250Z   REGISTRY: ghcr.io
2026-07-10T17:13:24.6050553Z   FEDORA_VERSION: 43
2026-07-10T17:13:24.6050802Z ##[endgroup]
2026-07-10T17:13:24.6113907Z ##[command]/usr/bin/docker exec  8a0e5daba3ed6ef96384e2a1a89cffc5591939e85a8c17c41cb32914cbdd50f6 sh -c "cat /etc/*release | grep ^ID"
2026-07-10T17:13:24.8108522Z Syncing repository: patapem/ermete-forge
2026-07-10T17:13:24.8111397Z ##[group]Getting Git version info
2026-07-10T17:13:24.8112203Z Working directory is '/__w/ermete-forge/ermete-forge'
2026-07-10T17:13:24.8113385Z ##[endgroup]
2026-07-10T17:13:24.8113998Z Deleting the contents of '/__w/ermete-forge/ermete-forge'
2026-07-10T17:13:24.8114832Z The repository will be downloaded using the GitHub REST API
2026-07-10T17:13:24.8115775Z To create a local Git repository instead, add Git 2.18 or higher to the PATH
2026-07-10T17:13:24.8116619Z Downloading the archive
2026-07-10T17:13:25.5515183Z Writing archive to disk
2026-07-10T17:13:25.5524331Z Extracting the archive
2026-07-10T17:13:25.5632540Z [command]/usr/sbin/tar xz --warning=no-unknown-keyword --overwrite -C /__w/ermete-forge/ermete-forge/0399854d-efff-4ce2-aa99-7c5c54760dcc -f /__w/ermete-forge/ermete-forge/0399854d-efff-4ce2-aa99-7c5c54760dcc.tar.gz
2026-07-10T17:13:25.5849574Z Resolved version patapem-ermete-forge-d0fdca8
2026-07-10T17:13:25.6089615Z ##[group]Run ./scripts/dynamic-matrix.sh
2026-07-10T17:13:25.6090643Z [36;1m./scripts/dynamic-matrix.sh[0m
2026-07-10T17:13:25.6093703Z shell: sh -e {0}
2026-07-10T17:13:25.6093938Z env:
2026-07-10T17:13:25.6094128Z   REGISTRY: ghcr.io
2026-07-10T17:13:25.6094350Z   FEDORA_VERSION: 43
2026-07-10T17:13:25.6094559Z ##[endgroup]
2026-07-10T17:13:25.6685385Z ./scripts/dynamic-matrix.sh: line 8: jq: command not found
2026-07-10T17:13:25.6691293Z ./scripts/dynamic-matrix.sh: line 10: jq: command not found
2026-07-10T17:13:25.6696027Z ./scripts/dynamic-matrix.sh: line 11: jq: command not found
2026-07-10T17:13:25.6701345Z ./scripts/dynamic-matrix.sh: line 12: jq: command not found
2026-07-10T17:13:25.6706186Z ./scripts/dynamic-matrix.sh: line 13: jq: command not found
2026-07-10T17:13:25.6711676Z ./scripts/dynamic-matrix.sh: line 14: jq: command not found
2026-07-10T17:13:25.7112219Z Updating and loading repositories:
2026-07-10T17:13:27.6634916Z  Fedora 44 openh264 (From Cisco) - x86_ 100% |   3.0 KiB/s |   5.3 KiB |  00m02s
2026-07-10T17:13:27.9232006Z  Fedora 44 - x86_64 - Updates           100% |   4.9 MiB/s |  10.7 MiB |  00m02s
2026-07-10T17:15:27.2152791Z  Fedora 44 - x86_64                     100% | 312.5 KiB/s |  37.0 MiB |  02m01s
2026-07-10T17:15:27.2174986Z >>> Curl error (28): Timeout was reached for http://mirror.fcix.net/fedora/linux/releases/44/Everything/x86_64/os/repodata/e32a0c328ac8716e71e3f66e87366a172fea8ecb2f452909a42db9c080cd3704-primary.xml.zck [Operation too slow. Less than 1000 bytes/sec transferred the last 30 seconds] - http://mirror.fcix.net/fedora/linux/releases/44/Everything/x86_64/os/repodata/e32a0c328ac8716e71e3f66e87366a172fea8ecb2f452909a42db9c080cd3704-primary.xml.zck
2026-07-10T17:15:27.2181360Z >>> Curl error (28): Timeout was reached for http://mirror.fcix.net/fedora/linux/releases/44/Everything/x86_64/os/repodata/e32a0c328ac8716e71e3f66e87366a172fea8ecb2f452909a42db9c080cd3704-primary.xml.zck [Connection timed out after 30001 milliseconds] - http://mirror.fcix.net/fedora/linux/releases/44/Everything/x86_64/os/repodata/e32a0c328ac8716e71e3f66e87366a172fea8ecb2f452909a42db9c080cd3704-primary.xml.zck
2026-07-10T17:15:27.2198801Z >>> Curl error (28): Timeout was reached for https://mirror.fcix.net/fedora/linux/releases/44/Everything/x86_64/os/repodata/e32a0c328ac8716e71e3f66e87366a172fea8ecb2f452909a42db9c080cd3704-primary.xml.zck [Connection timed out after 30001 milliseconds] - https://mirror.fcix.net/fedora/linux/releases/44/Everything/x86_64/os/repodata/e32a0c328ac8716e71e3f66e87366a172fea8ecb2f452909a42db9c080cd3704-primary.xml.zck
2026-07-10T17:15:30.0774171Z Repositories loaded.
2026-07-10T17:15:31.5639300Z Total size of inbound packages is 11 MiB. Need to download 11 MiB.
2026-07-10T17:15:31.5640591Z After this operation, 35 MiB extra will be used (install 35 MiB, remove 0 B).
2026-07-10T17:15:31.5641112Z Package             Arch   Version         Repository      Size
2026-07-10T17:15:31.5648520Z Installing:
2026-07-10T17:15:31.5649064Z  jq                 x86_64 0:1.8.1-3.fc44  updates    465.4 KiB
2026-07-10T17:15:31.5649549Z  skopeo             x86_64 1:1.22.2-1.fc44 updates     24.9 MiB
2026-07-10T17:15:31.5650319Z Installing dependencies:
2026-07-10T17:15:31.5650676Z  containers-common  noarch 5:0.67.0-1.fc44 fedora     133.5 KiB
2026-07-10T17:15:31.5651108Z  fuse-common        x86_64 0:3.18.2-1.fc44 fedora      38.0   B
2026-07-10T17:15:31.5651642Z  fuse3              x86_64 0:3.18.2-1.fc44 fedora     132.4 KiB
2026-07-10T17:15:31.5651999Z  fuse3-libs         x86_64 0:3.18.2-1.fc44 fedora     297.8 KiB
2026-07-10T17:15:31.5652417Z  gpgme              x86_64 0:2.0.1-5.fc44  updates    617.8 KiB
2026-07-10T17:15:31.5652870Z  kmod               x86_64 0:34.2-4.fc44   fedora     251.0 KiB
2026-07-10T17:15:31.5653214Z  libpkgconf         x86_64 0:2.5.1-1.fc44  fedora      90.1 KiB
2026-07-10T17:15:31.5653641Z  oniguruma          x86_64 0:6.9.10-4.fc44 fedora     770.9 KiB
2026-07-10T17:15:31.5654487Z  pkgconf            x86_64 0:2.5.1-1.fc44  fedora      92.7 KiB
2026-07-10T17:15:31.5655207Z  pkgconf-m4         noarch 0:2.5.1-1.fc44  fedora      14.3 KiB
2026-07-10T17:15:31.5655620Z  pkgconf-pkg-config x86_64 0:2.5.1-1.fc44  fedora     989.0   B
2026-07-10T17:15:31.5656046Z  podman-sequoia     x86_64 0:0.3.2-2.fc44  updates      7.0 MiB
2026-07-10T17:15:31.5656548Z  shadow-utils-subid x86_64 2:4.19.0-7.fc44 updates     50.0 KiB
2026-07-10T17:15:31.5656886Z Installing weak dependencies:
2026-07-10T17:15:31.5657240Z  fuse-overlayfs     x86_64 0:1.16-2.fc44   fedora     135.0 KiB
2026-07-10T17:15:31.5657609Z 
2026-07-10T17:15:31.5657714Z Transaction Summary:
2026-07-10T17:15:31.5657965Z  Installing:        16 packages
2026-07-10T17:15:31.5658122Z 
2026-07-10T17:15:31.7809289Z [ 1/16] jq-0:1.8.1-3.fc44.x86_64        100% | 984.1 KiB/s | 215.5 KiB |  00m00s
2026-07-10T17:15:33.6292759Z [ 2/16] skopeo-1:1.22.2-1.fc44.x86_64   100% |   3.8 MiB/s |   7.8 MiB |  00m02s
2026-07-10T17:15:33.7331467Z [ 3/16] gpgme-0:2.0.1-5.fc44.x86_64     100% |   2.2 MiB/s | 231.9 KiB |  00m00s
2026-07-10T17:15:34.3387422Z [ 4/16] podman-sequoia-0:0.3.2-2.fc44.x 100% |   3.9 MiB/s |   2.4 MiB |  00m01s
2026-07-10T17:15:34.3762355Z [ 5/16] shadow-utils-subid-2:4.19.0-7.f 100% | 853.4 KiB/s |  30.7 KiB |  00m00s
2026-07-10T17:16:01.8662122Z [ 6/16] containers-common-5:0.67.0-1.fc 100% |   3.4 KiB/s | 102.8 KiB |  00m30s
2026-07-10T17:16:01.8664329Z >>> Curl error (28): Timeout was reached for http://mirror.fcix.net/fedora/linux/releases/44/Everything/x86_64/os/Packages/c/containers-common-0.67.0-1.fc44.noarch.rpm [Connection timed out after 30001 milliseconds] - http://mirror.fcix.net/fedora/linux/releases/44/Everything/x86_64/os/Packages/c/containers-common-0.67.0-1.fc44.noarch.rpm
2026-07-10T17:16:01.9476285Z [ 7/16] fuse3-0:3.18.2-1.fc44.x86_64    100% | 738.7 KiB/s |  59.8 KiB |  00m00s
2026-07-10T17:16:02.0645659Z [ 8/16] fuse3-libs-0:3.18.2-1.fc44.x86_ 100% | 881.9 KiB/s | 102.3 KiB |  00m00s
2026-07-10T17:16:02.1515515Z [ 9/16] oniguruma-0:6.9.10-4.fc44.x86_6 100% |   7.2 KiB/s | 220.0 KiB |  00m30s
2026-07-10T17:16:02.1518066Z >>> Curl error (28): Timeout was reached for http://mirror.fcix.net/fedora/linux/releases/44/Everything/x86_64/os/Packages/o/oniguruma-6.9.10-4.fc44.x86_64.rpm [Connection timed out after 30000 milliseconds] - http://mirror.fcix.net/fedora/linux/releases/44/Everything/x86_64/os/Packages/o/oniguruma-6.9.10-4.fc44.x86_64.rpm
2026-07-10T17:16:02.2106951Z [10/16] fuse-common-0:3.18.2-1.fc44.x86 100% | 137.7 KiB/s |   8.0 KiB |  00m00s
2026-07-10T17:16:02.2365686Z [11/16] kmod-0:34.2-4.fc44.x86_64       100% | 795.6 KiB/s | 136.1 KiB |  00m00s
2026-07-10T17:16:02.2703439Z [12/16] pkgconf-pkg-config-0:2.5.1-1.fc 100% | 160.5 KiB/s |   9.5 KiB |  00m00s
2026-07-10T17:16:02.3012419Z [13/16] pkgconf-0:2.5.1-1.fc44.x86_64   100% | 760.8 KiB/s |  48.7 KiB |  00m00s
2026-07-10T17:16:02.3308587Z [14/16] pkgconf-m4-0:2.5.1-1.fc44.noarc 100% | 229.2 KiB/s |  13.8 KiB |  00m00s
2026-07-10T17:16:02.3649477Z [15/16] libpkgconf-0:2.5.1-1.fc44.x86_6 100% | 677.4 KiB/s |  42.7 KiB |  00m00s
2026-07-10T17:16:04.6441503Z [16/16] fuse-overlayfs-0:1.16-2.fc44.x8 100% |   2.2 KiB/s |  67.8 KiB |  00m30s
2026-07-10T17:16:04.6443610Z >>> Curl error (28): Timeout was reached for http://mirror.fcix.net/fedora/linux/releases/44/Everything/x86_64/os/Packages/f/fuse-overlayfs-1.16-2.fc44.x86_64.rpm [Connection timed out after 30000 milliseconds] - http://mirror.fcix.net/fedora/linux/releases/44/Everything/x86_64/os/Packages/f/fuse-overlayfs-1.16-2.fc44.x86_64.rpm
2026-07-10T17:16:04.6445639Z --------------------------------------------------------------------------------
2026-07-10T17:16:04.6446237Z [16/16] Total                           100% | 352.4 KiB/s |  11.4 MiB |  00m33s
2026-07-10T17:16:04.6452593Z Running transaction
2026-07-10T17:16:04.8414614Z [ 1/18] Verify package files            100% | 380.0   B/s |  16.0   B |  00m00s
2026-07-10T17:16:04.8494545Z [ 2/18] Prepare transaction             100% | 761.0   B/s |  16.0   B |  00m00s
2026-07-10T17:16:04.8549177Z [ 3/18] Installing fuse3-libs-0:3.18.2- 100% |  36.5 MiB/s | 298.9 KiB |  00m00s
2026-07-10T17:16:04.8609568Z [ 4/18] Installing libpkgconf-0:2.5.1-1 100% |  29.7 MiB/s |  91.3 KiB |  00m00s
2026-07-10T17:16:04.8806317Z [ 5/18] Installing pkgconf-0:2.5.1-1.fc 100% |   4.4 MiB/s |  95.2 KiB |  00m00s
2026-07-10T17:16:04.8828874Z [ 6/18] Installing pkgconf-m4-0:2.5.1-1 100% |   4.8 MiB/s |  14.7 KiB |  00m00s
2026-07-10T17:16:04.9036537Z [ 7/18] Installing pkgconf-pkg-config-0 100% | 118.2 KiB/s |   1.8 KiB |  00m00s
2026-07-10T17:16:04.9194926Z [ 8/18] Installing kmod-0:34.2-4.fc44.x 100% |  11.9 MiB/s | 256.9 KiB |  00m00s
2026-07-10T17:16:04.9236571Z [ 9/18] Installing fuse-common-0:3.18.2 100% | 285.2 KiB/s | 292.0   B |  00m00s
2026-07-10T17:16:04.9409818Z [10/18] Installing fuse3-0:3.18.2-1.fc4 100% |   7.7 MiB/s | 134.8 KiB |  00m00s
2026-07-10T17:16:04.9717913Z [11/18] Installing fuse-overlayfs-0:1.1 100% |   4.9 MiB/s | 136.5 KiB |  00m00s
2026-07-10T17:16:04.9792487Z [12/18] Installing containers-common-5: 100% |  13.7 MiB/s | 140.8 KiB |  00m00s
2026-07-10T17:16:04.9952099Z [13/18] Installing shadow-utils-subid-2 100% |   2.8 MiB/s |  51.4 KiB |  00m00s
2026-07-10T17:16:05.0253204Z [14/18] Installing podman-sequoia-0:0.3 100% | 290.6 MiB/s |   7.0 MiB |  00m00s
2026-07-10T17:16:05.0447090Z [15/18] Installing gpgme-0:2.0.1-5.fc44 100% |  28.9 MiB/s | 620.8 KiB |  00m00s
2026-07-10T17:16:05.0505078Z [16/18] Installing oniguruma-0:6.9.10-4 100% | 151.0 MiB/s | 773.1 KiB |  00m00s
2026-07-10T17:16:05.0963244Z [17/18] Installing jq-0:1.8.1-3.fc44.x8 100% |  25.4 MiB/s | 467.8 KiB |  00m00s
2026-07-10T17:16:05.2106299Z [18/18] Installing skopeo-1:1.22.2-1.fc 100% | 172.8 MiB/s |  24.9 MiB |  00m00s
2026-07-10T17:16:05.2122543Z Complete!
2026-07-10T17:16:05.2283063Z Evaluating custom_packages...
2026-07-10T17:16:05.2293764Z Evaluating ags_ecosystem...
2026-07-10T17:16:05.2304431Z Evaluating upstream_core...
2026-07-10T17:16:05.2314604Z Evaluating upstream_desktop...
2026-07-10T17:16:05.2325172Z Evaluating upstream_media...
2026-07-10T17:16:05.2335222Z Evaluating upstream_cli...
2026-07-10T17:16:05.2346452Z JSON Outputs:
2026-07-10T17:16:05.2346970Z custom_packages=[]
2026-07-10T17:16:05.2347327Z ags_ecosystem=[]
2026-07-10T17:16:05.2347560Z upstream_core=[]
2026-07-10T17:16:05.2347771Z upstream_desktop=[]
2026-07-10T17:16:05.2347979Z upstream_media=[]
2026-07-10T17:16:05.2348179Z upstream_cli=[]
2026-07-10T17:16:05.2348380Z has_changes=false
2026-07-10T17:16:05.2530099Z Node 20 is being deprecated. This workflow is running with Node 24 by default. If you need to temporarily use Node 20, you can set the ACTIONS_ALLOW_USE_UNSECURE_NODE_VERSION=true environment variable. For more information see: https://github.blog/changelog/2025-09-19-deprecation-of-node-20-on-github-actions-runners/
2026-07-10T17:16:05.2531772Z Post job cleanup.
2026-07-10T17:16:05.2538726Z ##[command]/usr/bin/docker exec  8a0e5daba3ed6ef96384e2a1a89cffc5591939e85a8c17c41cb32914cbdd50f6 sh -c "cat /etc/*release | grep ^ID"
2026-07-10T17:16:05.4574579Z Stop and remove container: b1d4b1c33f4a4dbbb9bf1c14d9ae3b46_fedoralatest_2c5f7b
2026-07-10T17:16:05.4580795Z ##[command]/usr/bin/docker rm --force 8a0e5daba3ed6ef96384e2a1a89cffc5591939e85a8c17c41cb32914cbdd50f6
2026-07-10T17:16:05.5811835Z 8a0e5daba3ed6ef96384e2a1a89cffc5591939e85a8c17c41cb32914cbdd50f6
2026-07-10T17:16:05.5843883Z Remove container network: github_network_6bc97999ecc74cc5b19a7016f67d25a5
2026-07-10T17:16:05.5848407Z ##[command]/usr/bin/docker network rm github_network_6bc97999ecc74cc5b19a7016f67d25a5
2026-07-10T17:16:05.7138720Z github_network_6bc97999ecc74cc5b19a7016f67d25a5
2026-07-10T17:16:05.7219664Z Evaluate and set job outputs
2026-07-10T17:16:05.7229614Z Set output 'custom_packages'
2026-07-10T17:16:05.7231805Z Set output 'ags_ecosystem'
2026-07-10T17:16:05.7232581Z Set output 'upstream_core'
2026-07-10T17:16:05.7232928Z Set output 'upstream_desktop'
2026-07-10T17:16:05.7233264Z Set output 'upstream_media'
2026-07-10T17:16:05.7233581Z Set output 'upstream_cli'
2026-07-10T17:16:05.7233882Z Set output 'has_changes'
2026-07-10T17:16:05.7234561Z Cleaning up orphan processes
2026-07-10T17:16:05.7670369Z ##[warning]Node.js 20 is deprecated. The following actions target Node.js 20 but are being forced to run on Node.js 24: actions/checkout@v4. For more information see: https://github.blog/changelog/2025-09-19-deprecation-of-node-20-on-github-actions-runners/
